<?xml version="1.0" encoding="UTF-8"?>
<testng-results ignored="0" total="1" passed="1" failed="0" skipped="0">
  <reporter-output>
  </reporter-output>
  <suite started-at="2024-07-10T22:00:53 IST" name="Suite" finished-at="2024-07-10T22:01:10 IST" duration-ms="16869">
    <groups>
    </groups>
    <test started-at="2024-07-10T22:00:53 IST" name="Test" finished-at="2024-07-10T22:01:10 IST" duration-ms="16869">
      <class name="testCase.TC_RF_001_RegisterNewAccount">
        <test-method is-config="true" signature="setup()[pri:0, instance:testCase.TC_RF_001_RegisterNewAccount@5d12a356]" started-at="2024-07-10T22:00:53 IST" name="setup" finished-at="2024-07-10T22:01:03 IST" duration-ms="9918" status="PASS">
          <reporter-output>
          </reporter-output>
        </test-method> <!-- setup -->
        <test-method signature="registerNewAccount()[pri:0, instance:testCase.TC_RF_001_RegisterNewAccount@5d12a356]" started-at="2024-07-10T22:01:03 IST" name="registerNewAccount" finished-at="2024-07-10T22:01:09 IST" duration-ms="5807" status="PASS">
          <reporter-output>
          </reporter-output>
        </test-method> <!-- registerNewAccount -->
        <test-method is-config="true" signature="tearDown()[pri:0, instance:testCase.TC_RF_001_RegisterNewAccount@5d12a356]" started-at="2024-07-10T22:01:09 IST" name="tearDown" finished-at="2024-07-10T22:01:10 IST" duration-ms="931" status="PASS">
          <reporter-output>
          </reporter-output>
        </test-method> <!-- tearDown -->
      </class> <!-- testCase.TC_RF_001_RegisterNewAccount -->
    </test> <!-- Test -->
  </suite> <!-- Suite -->
</testng-results>
